[2023-03-22 09:01:03.624][ INFO][none] リクエストの待ち受けを開始します。[Port=8000]
[2023-03-22 09:01:19.603][ INFO][none] 処理を開始します。[GET,/COMMON/userListPrint?param={%22getkbn%22:0,%22jkbn%22:0,%22sdnflg%22:0,%22symd%22:%2220220801%22,%22eymd%22:%2220220901%22}&getkbn=0&jkbn=0&sdnflg=0&symd=20220801&eymd=20220901&traceid=123&uniqid=110003,X-Original-For=undefined,X-Forwarded-For=undefined]
[2023-03-22 09:01:21.175][ INFO][none] 処理を開始します。[GET,/SIENP/WeekKeikakureki/4?param={%22pJigyoid%22:62}&pJigyoid=62&traceid=123&uniqid=110003,X-Original-For=undefined,X-Forwarded-For=undefined]
[2023-03-22 09:01:22.316][ INFO][none] 処理が正常終了しました。
[2023-03-22 09:01:22.320][ INFO][none] 処理が正常終了しました。
[2023-03-22 09:01:24.884][ INFO][none] 処理を開始します。[GET,/SIENP/WeekKeikakureki/4?param={%22pJigyoid%22:62,%22pIntcode%22:102}&pJigyoid=62&pIntcode=102&traceid=123&uniqid=110003,X-Original-For=undefined,X-Forwarded-For=undefined]
[2023-03-22 09:01:24.887][ INFO][none] 処理を開始します。[GET,/SIENP/weekKeikakuSaishinReki/4?param={%22pJigyoid%22:62,%22pIntcode%22:102}&pJigyoid=62&pIntcode=102&traceid=123&uniqid=110003,X-Original-For=undefined,X-Forwarded-For=undefined]
[2023-03-22 09:01:24.933][ INFO][none] 処理が正常終了しました。
[2023-03-22 09:01:24.954][ INFO][none] 処理が正常終了しました。
[2023-03-22 09:01:31.364][ INFO][none] 処理を開始します。[GET,/SIENP/weekKeikakuSaishinReki/4?param={%22pJigyoid%22:62,%22pIntcode%22:536}&pJigyoid=62&pIntcode=536&traceid=123&uniqid=110003,X-Original-For=undefined,X-Forwarded-For=undefined]
[2023-03-22 09:01:31.367][ INFO][none] 処理を開始します。[GET,/SIENP/WeekKeikakureki/4?param={%22pJigyoid%22:62,%22pIntcode%22:536}&pJigyoid=62&pIntcode=536&traceid=123&uniqid=110003,X-Original-For=undefined,X-Forwarded-For=undefined]
[2023-03-22 09:01:31.488][ INFO][none] 処理が正常終了しました。
[2023-03-22 09:01:31.795][ INFO][none] 処理が正常終了しました。
[2023-03-22 09:01:36.865][ INFO][none] 処理を開始します。[GET,/SIENP/MstWeekKmk?param={%22pJigyoid%22:62}&pJigyoid=62&traceid=123&uniqid=110003,X-Original-For=undefined,X-Forwarded-For=undefined]
[2023-03-22 09:01:37.105][ INFO][none] 処理が正常終了しました。
[2023-03-22 09:25:42.841][ INFO][none] 処理を開始します。[GET,/COMMON/userListPrint?param={%22getkbn%22:0,%22jkbn%22:0,%22sdnflg%22:0,%22symd%22:%2220220801%22,%22eymd%22:%2220220901%22}&getkbn=0&jkbn=0&sdnflg=0&symd=20220801&eymd=20220901&traceid=123&uniqid=110003,X-Original-For=undefined,X-Forwarded-For=undefined]
[2023-03-22 09:25:44.781][ INFO][none] 処理が正常終了しました。
[2023-03-22 09:25:47.081][ INFO][none] 処理を開始します。[GET,/SIENP/weekKeikakuSaishinReki/4?param={%22pJigyoid%22:62,%22pIntcode%22:102}&pJigyoid=62&pIntcode=102&traceid=123&uniqid=110003,X-Original-For=undefined,X-Forwarded-For=undefined]
[2023-03-22 09:25:47.083][ INFO][none] 処理を開始します。[GET,/SIENP/WeekKeikakureki/4?param={%22pJigyoid%22:62,%22pIntcode%22:102}&pJigyoid=62&pIntcode=102&traceid=123&uniqid=110003,X-Original-For=undefined,X-Forwarded-For=undefined]
[2023-03-22 09:25:47.129][ INFO][none] 処理が正常終了しました。
[2023-03-22 09:25:47.176][ INFO][none] 処理が正常終了しました。
[2023-03-22 09:25:54.409][ INFO][none] 処理を開始します。[GET,/SIENP/weekKeikakuSaishinReki/4?param={%22pJigyoid%22:62,%22pIntcode%22:536}&pJigyoid=62&pIntcode=536&traceid=123&uniqid=110003,X-Original-For=undefined,X-Forwarded-For=undefined]
[2023-03-22 09:25:54.411][ INFO][none] 処理を開始します。[GET,/SIENP/WeekKeikakureki/4?param={%22pJigyoid%22:62,%22pIntcode%22:536}&pJigyoid=62&pIntcode=536&traceid=123&uniqid=110003,X-Original-For=undefined,X-Forwarded-For=undefined]
[2023-03-22 09:25:54.536][ INFO][none] 処理が正常終了しました。
[2023-03-22 09:25:54.832][ INFO][none] 処理が正常終了しました。
[2023-03-22 09:25:56.837][ INFO][none] 処理を開始します。[GET,/SIENP/MstWeekKmk?param={%22pJigyoid%22:62}&pJigyoid=62&traceid=123&uniqid=110003,X-Original-For=undefined,X-Forwarded-For=undefined]
[2023-03-22 09:25:56.897][ INFO][none] 処理が正常終了しました。
[2023-03-22 09:29:21.167][ INFO][none] 処理を開始します。[GET,/COMMON/userListPrint?param={%22getkbn%22:0,%22jkbn%22:0,%22sdnflg%22:0,%22symd%22:%2220220801%22,%22eymd%22:%2220220901%22}&getkbn=0&jkbn=0&sdnflg=0&symd=20220801&eymd=20220901&traceid=123&uniqid=110003,X-Original-For=undefined,X-Forwarded-For=undefined]
[2023-03-22 09:29:22.291][ INFO][none] 処理が正常終了しました。
[2023-03-22 09:29:26.375][ INFO][none] 処理を開始します。[GET,/SIENP/weekKeikakuSaishinReki/4?param={%22pJigyoid%22:62,%22pIntcode%22:536}&pJigyoid=62&pIntcode=536&traceid=123&uniqid=110003,X-Original-For=undefined,X-Forwarded-For=undefined]
[2023-03-22 09:29:26.377][ INFO][none] 処理を開始します。[GET,/SIENP/WeekKeikakureki/4?param={%22pJigyoid%22:62,%22pIntcode%22:536}&pJigyoid=62&pIntcode=536&traceid=123&uniqid=110003,X-Original-For=undefined,X-Forwarded-For=undefined]
[2023-03-22 09:29:26.602][ INFO][none] 処理が正常終了しました。
[2023-03-22 09:29:26.607][ INFO][none] 処理が正常終了しました。
[2023-03-22 09:30:31.750][ INFO][none] 処理を開始します。[GET,/SIENP/MstWeekKmk?param={%22pJigyoid%22:62}&pJigyoid=62&traceid=123&uniqid=110003,X-Original-For=undefined,X-Forwarded-For=undefined]
[2023-03-22 09:30:32.057][ INFO][none] 処理が正常終了しました。
[2023-03-22 09:31:03.752][ INFO][none] 処理を開始します。[GET,/SIENP/weekKeikakuSaishinReki/4?param={%22pJigyoid%22:62,%22pIntcode%22:536}&pJigyoid=62&pIntcode=536&traceid=123&uniqid=110003,X-Original-For=undefined,X-Forwarded-For=undefined]
[2023-03-22 09:31:03.754][ INFO][none] 処理を開始します。[GET,/SIENP/WeekKeikakureki/4?param={%22pJigyoid%22:62,%22pIntcode%22:536}&pJigyoid=62&pIntcode=536&traceid=123&uniqid=110003,X-Original-For=undefined,X-Forwarded-For=undefined]
[2023-03-22 09:31:04.019][ INFO][none] 処理が正常終了しました。
[2023-03-22 09:31:04.373][ INFO][none] 処理が正常終了しました。
[2023-03-22 09:31:06.661][ INFO][none] 処理を開始します。[GET,/SIENP/MstWeekKmk?param={%22pJigyoid%22:62}&pJigyoid=62&traceid=123&uniqid=110003,X-Original-For=undefined,X-Forwarded-For=undefined]
[2023-03-22 09:31:06.822][ INFO][none] 処理が正常終了しました。
[2023-03-22 09:51:21.605][ INFO][none] 処理を開始します。[GET,/COMMON/userListPrint/%7B%22uniqid%22:3,%22traceid%22:123,%22getkbn%22:0,%22jkbn%22:0,%22sdnflg%22:0,%22symd%22:%2220220801%22,%22eymd%22:%2220220901%22%7D,X-Original-For=undefined,X-Forwarded-For=undefined]
[2023-03-22 09:51:21.607][ERROR][none] SyntaxError: "undefined" is not valid JSON
    at JSON.parse (<anonymous>)
    at /home/tokei/develop/100Sogo_WebApl/src/trunk/backend/src/index.js:79:23
    at Layer.handle [as handle_request] (/home/tokei/develop/100Sogo_WebApl/src/trunk/backend/node_modules/express/lib/router/layer.js:95:5)
    at next (/home/tokei/develop/100Sogo_WebApl/src/trunk/backend/node_modules/express/lib/router/route.js:144:13)
    at Route.dispatch (/home/tokei/develop/100Sogo_WebApl/src/trunk/backend/node_modules/express/lib/router/route.js:114:3)
    at Layer.handle [as handle_request] (/home/tokei/develop/100Sogo_WebApl/src/trunk/backend/node_modules/express/lib/router/layer.js:95:5)
    at /home/tokei/develop/100Sogo_WebApl/src/trunk/backend/node_modules/express/lib/router/index.js:284:15
    at param (/home/tokei/develop/100Sogo_WebApl/src/trunk/backend/node_modules/express/lib/router/index.js:365:14)
    at param (/home/tokei/develop/100Sogo_WebApl/src/trunk/backend/node_modules/express/lib/router/index.js:376:14)
    at param (/home/tokei/develop/100Sogo_WebApl/src/trunk/backend/node_modules/express/lib/router/index.js:376:14)
[2023-03-22 09:51:21.607][ERROR][none] システムエラーが発生しました。[SyntaxError: "undefined" is not valid JSON]
[2023-03-22 09:51:21.607][DEBUG][none] エラー詳細 [undefined]
[2023-03-22 17:12:47.087][ INFO][none] 処理を開始します。[GET,/COMMON/userListPrint?param={%22getkbn%22:0,%22jkbn%22:0,%22sdnflg%22:0,%22symd%22:%2220220801%22,%22eymd%22:%2220220901%22}&getkbn=0&jkbn=0&sdnflg=0&symd=20220801&eymd=20220901&traceid=123&uniqid=110003,X-Original-For=undefined,X-Forwarded-For=undefined]
[2023-03-22 17:12:47.734][ INFO][none] 処理が正常終了しました。
[2023-03-22 17:12:49.759][ INFO][none] 処理を開始します。[GET,/SIENP/weekKeikakuSaishinReki/4?param={%22pJigyoid%22:62,%22pIntcode%22:102}&pJigyoid=62&pIntcode=102&traceid=123&uniqid=110003,X-Original-For=undefined,X-Forwarded-For=undefined]
[2023-03-22 17:12:49.763][ INFO][none] 処理を開始します。[GET,/SIENP/WeekKeikakureki/4?param={%22pJigyoid%22:62,%22pIntcode%22:102}&pJigyoid=62&pIntcode=102&traceid=123&uniqid=110003,X-Original-For=undefined,X-Forwarded-For=undefined]
[2023-03-22 17:12:49.784][ INFO][none] 処理が正常終了しました。
[2023-03-22 17:12:49.800][ INFO][none] 処理が正常終了しました。
[2023-03-22 17:12:56.115][ INFO][none] 処理を開始します。[GET,/SIENP/weekKeikakuSaishinReki/4?param={%22pJigyoid%22:62,%22pIntcode%22:536}&pJigyoid=62&pIntcode=536&traceid=123&uniqid=110003,X-Original-For=undefined,X-Forwarded-For=undefined]
[2023-03-22 17:12:56.119][ INFO][none] 処理を開始します。[GET,/SIENP/WeekKeikakureki/4?param={%22pJigyoid%22:62,%22pIntcode%22:536}&pJigyoid=62&pIntcode=536&traceid=123&uniqid=110003,X-Original-For=undefined,X-Forwarded-For=undefined]
[2023-03-22 17:12:56.152][ INFO][none] 処理が正常終了しました。
[2023-03-22 17:12:56.216][ INFO][none] 処理が正常終了しました。
[2023-03-22 17:13:40.843][ INFO][none] 処理を開始します。[GET,/COMMON/userListPrint?param={%22getkbn%22:0,%22jkbn%22:0,%22sdnflg%22:0,%22symd%22:%2220220801%22,%22eymd%22:%2220220901%22}&getkbn=0&jkbn=0&sdnflg=0&symd=20220801&eymd=20220901&traceid=123&uniqid=110003,X-Original-For=undefined,X-Forwarded-For=undefined]
[2023-03-22 17:13:41.062][ INFO][none] 処理が正常終了しました。
[2023-03-22 17:13:45.398][ INFO][none] 処理を開始します。[GET,/SIENP/weekKeikakuSaishinReki/4?param={%22pJigyoid%22:62,%22pIntcode%22:536}&pJigyoid=62&pIntcode=536&traceid=123&uniqid=110003,X-Original-For=undefined,X-Forwarded-For=undefined]
[2023-03-22 17:13:45.400][ INFO][none] 処理を開始します。[GET,/SIENP/WeekKeikakureki/4?param={%22pJigyoid%22:62,%22pIntcode%22:536}&pJigyoid=62&pIntcode=536&traceid=123&uniqid=110003,X-Original-For=undefined,X-Forwarded-For=undefined]
[2023-03-22 17:13:45.438][ INFO][none] 処理が正常終了しました。
[2023-03-22 17:13:45.452][ INFO][none] 処理が正常終了しました。
